<?xml version="1.0" encoding="UTF-8"?>
<testsuites name="BMC_API_Assignment - All Test Cases" time="18.678" tests="5" failures="1" errors="0">
   <testsuite name="BMC_API_Assignment - All Test Cases" tests="5" failures="1" errors="0" time="18.678" skipped="0" timestamp="2022-12-11 00:24:01" hostname="Ganesh - DESKTOP-24A4UP9" id="Test Suites/BMC_API_Assignment - All Test Cases">
      <properties>
         <property name="deviceName" value=""/>
         <property name="devicePlatform" value=""/>
         <property name="logFolder" value="C:\\Users\\Ganesh\\Katalon Studio\\BMC_Software_API Assignment\\Reports\\20221211_002358\\BMC_API_Assignment - All Test Cases\\20221211_002358"/>
         <property name="logFiles" value="C:\\Users\\Ganesh\\Katalon Studio\\BMC_Software_API Assignment\\Reports\\20221211_002358\\BMC_API_Assignment - All Test Cases\\20221211_002358\\execution0.log"/>
         <property name="attachments" value=""/>
         <property name="hostName" value="Ganesh - DESKTOP-24A4UP9"/>
         <property name="hostAddress" value="192.168.1.11"/>
         <property name="os" value="Windows 10 64bit"/>
         <property name="katalonVersion" value="8.5.1.208"/>
      </properties>
      <testcase name="Test Cases/1. GET Bookings" time="5.294" classname="Test Cases/1. GET Bookings" status="PASSED">
         <system-out><![CDATA[2022-12-11 00:24:01 - [TEST_CASE][PASSED] - Test Cases/1. GET Bookings: Test Cases/1. GET Bookings

2022-12-11 00:24:01 - [TEST_STEP][PASSED] - response = sendRequest(findTestObject("GET Bookings")): Send request successfully

2022-12-11 00:24:06 - [MESSAGE][INFO] - HAR: C:\Users\Ganesh\Katalon Studio\BMC_Software_API Assignment\Reports\20221211_002358\BMC_API_Assignment - All Test Cases\20221211_002358\requests\main\0.har

2022-12-11 00:24:06 - [MESSAGE][PASSED] - Send request successfully

2022-12-11 00:24:06 - [TEST_STEP][PASSED] - slurper = new groovy.json.JsonSlurper(): null

2022-12-11 00:24:06 - [TEST_STEP][PASSED] - result = slurper.parseText(response.getResponseBodyContent()): null

2022-12-11 00:24:06 - [TEST_STEP][PASSED] - bookingId = bookingId: null

2022-12-11 00:24:06 - [TEST_STEP][PASSED] - verifyResponseStatusCode(response, successCode): Verify response status code successfully

2022-12-11 00:24:06 - [MESSAGE][PASSED] - Verify response status code successfully]]></system-out>
         <system-err><![CDATA[]]></system-err>
      </testcase>
      <testcase name="Test Cases/2. GET Booking By Id" time="3.964" classname="Test Cases/2. GET Booking By Id" status="PASSED">
         <system-out><![CDATA[2022-12-11 00:24:06 - [TEST_CASE][PASSED] - Test Cases/2. GET Booking By Id: Test Cases/2. GET Booking By Id

2022-12-11 00:24:07 - [TEST_STEP][PASSED] - response = sendRequest(findTestObject("GET Bookings")): Send request successfully

2022-12-11 00:24:09 - [MESSAGE][INFO] - HAR: C:\Users\Ganesh\Katalon Studio\BMC_Software_API Assignment\Reports\20221211_002358\BMC_API_Assignment - All Test Cases\20221211_002358\requests\main\1.har

2022-12-11 00:24:09 - [MESSAGE][PASSED] - Send request successfully

2022-12-11 00:24:09 - [TEST_STEP][PASSED] - slurper = new groovy.json.JsonSlurper(): null

2022-12-11 00:24:09 - [TEST_STEP][PASSED] - result = slurper.parseText(response.getResponseBodyContent()): null

2022-12-11 00:24:09 - [TEST_STEP][PASSED] - bookingId = bookingid: null

2022-12-11 00:24:09 - [TEST_STEP][PASSED] - verifyResponseStatusCode(response, successCode): Verify response status code successfully

2022-12-11 00:24:09 - [MESSAGE][PASSED] - Verify response status code successfully

2022-12-11 00:24:09 - [TEST_STEP][PASSED] - response1 = sendRequest(findTestObject("GET Booking By Id")): Send request successfully

2022-12-11 00:24:10 - [MESSAGE][INFO] - HAR: C:\Users\Ganesh\Katalon Studio\BMC_Software_API Assignment\Reports\20221211_002358\BMC_API_Assignment - All Test Cases\20221211_002358\requests\main\2.har

2022-12-11 00:24:10 - [MESSAGE][PASSED] - Send request successfully

2022-12-11 00:24:10 - [TEST_STEP][PASSED] - verifyResponseStatusCode(response1, successCode): Verify response status code successfully

2022-12-11 00:24:10 - [MESSAGE][PASSED] - Verify response status code successfully]]></system-out>
         <system-err><![CDATA[]]></system-err>
      </testcase>
      <testcase name="Test Cases/3. CREATE Booking" time="2.661" classname="Test Cases/3. CREATE Booking" status="FAILED">
         <failure type="FAILED" message="Test Cases/3. CREATE Booking FAILED.
Reason:
com.kms.katalon.core.exception.StepFailedException: Actual object 'Auto_-1595806342' and expected object 'null' are not equal
	at com.kms.katalon.core.keyword.builtin.VerifyEqualKeyword$_verifyEqual_closure1.doCall(VerifyEqualKeyword.groovy:58)
	at com.kms.katalon.core.keyword.builtin.VerifyEqualKeyword$_verifyEqual_closure1.call(VerifyEqualKeyword.groovy)
	at com.kms.katalon.core.keyword.internal.KeywordMain.runKeyword(KeywordMain.groovy:74)
	at com.kms.katalon.core.keyword.builtin.VerifyEqualKeyword.verifyEqual(VerifyEqualKeyword.groovy:63)
	at com.kms.katalon.core.keyword.builtin.VerifyEqualKeyword.execute(VerifyEqualKeyword.groovy:44)
	at com.kms.katalon.core.keyword.internal.KeywordExecutor.executeKeywordForPlatform(KeywordExecutor.groovy:74)
	at com.kms.katalon.core.keyword.BuiltinKeywords.verifyEqual(BuiltinKeywords.groovy:141)
	at 3. CREATE Booking.run(3. CREATE Booking:42)
	at com.kms.katalon.core.main.ScriptEngine.run(ScriptEngine.java:194)
	at com.kms.katalon.core.main.ScriptEngine.runScriptAsRawText(ScriptEngine.java:119)
	at com.kms.katalon.core.main.TestCaseExecutor.runScript(TestCaseExecutor.java:448)
	at com.kms.katalon.core.main.TestCaseExecutor.doExecute(TestCaseExecutor.java:439)
	at com.kms.katalon.core.main.TestCaseExecutor.processExecutionPhase(TestCaseExecutor.java:418)
	at com.kms.katalon.core.main.TestCaseExecutor.accessMainPhase(TestCaseExecutor.java:410)
	at com.kms.katalon.core.main.TestCaseExecutor.execute(TestCaseExecutor.java:285)
	at com.kms.katalon.core.common.CommonExecutor.accessTestCaseMainPhase(CommonExecutor.java:65)
	at com.kms.katalon.core.main.TestSuiteExecutor.accessTestSuiteMainPhase(TestSuiteExecutor.java:151)
	at com.kms.katalon.core.main.TestSuiteExecutor.execute(TestSuiteExecutor.java:106)
	at com.kms.katalon.core.main.TestCaseMain.startTestSuite(TestCaseMain.java:185)
	at com.kms.katalon.core.main.TestCaseMain$startTestSuite$0.call(Unknown Source)
	at TempTestSuite1670698438472.run(TempTestSuite1670698438472.groovy:36)
"/>
         <system-out><![CDATA[2022-12-11 00:24:10 - [TEST_CASE][FAILED] - Test Cases/3. CREATE Booking: Test Cases/3. CREATE Booking FAILED.
Reason:
com.kms.katalon.core.exception.StepFailedException: Actual object 'Auto_-1595806342' and expected object 'null' are not equal
	at com.kms.katalon.core.keyword.builtin.VerifyEqualKeyword$_verifyEqual_closure1.doCall(VerifyEqualKeyword.groovy:58)
	at com.kms.katalon.core.keyword.builtin.VerifyEqualKeyword$_verifyEqual_closure1.call(VerifyEqualKeyword.groovy)
	at com.kms.katalon.core.keyword.internal.KeywordMain.runKeyword(KeywordMain.groovy:74)
	at com.kms.katalon.core.keyword.builtin.VerifyEqualKeyword.verifyEqual(VerifyEqualKeyword.groovy:63)
	at com.kms.katalon.core.keyword.builtin.VerifyEqualKeyword.execute(VerifyEqualKeyword.groovy:44)
	at com.kms.katalon.core.keyword.internal.KeywordExecutor.executeKeywordForPlatform(KeywordExecutor.groovy:74)
	at com.kms.katalon.core.keyword.BuiltinKeywords.verifyEqual(BuiltinKeywords.groovy:141)
	at 3. CREATE Booking.run(3. CREATE Booking:42)
	at com.kms.katalon.core.main.ScriptEngine.run(ScriptEngine.java:194)
	at com.kms.katalon.core.main.ScriptEngine.runScriptAsRawText(ScriptEngine.java:119)
	at com.kms.katalon.core.main.TestCaseExecutor.runScript(TestCaseExecutor.java:448)
	at com.kms.katalon.core.main.TestCaseExecutor.doExecute(TestCaseExecutor.java:439)
	at com.kms.katalon.core.main.TestCaseExecutor.processExecutionPhase(TestCaseExecutor.java:418)
	at com.kms.katalon.core.main.TestCaseExecutor.accessMainPhase(TestCaseExecutor.java:410)
	at com.kms.katalon.core.main.TestCaseExecutor.execute(TestCaseExecutor.java:285)
	at com.kms.katalon.core.common.CommonExecutor.accessTestCaseMainPhase(CommonExecutor.java:65)
	at com.kms.katalon.core.main.TestSuiteExecutor.accessTestSuiteMainPhase(TestSuiteExecutor.java:151)
	at com.kms.katalon.core.main.TestSuiteExecutor.execute(TestSuiteExecutor.java:106)
	at com.kms.katalon.core.main.TestCaseMain.startTestSuite(TestCaseMain.java:185)
	at com.kms.katalon.core.main.TestCaseMain$startTestSuite$0.call(Unknown Source)
	at TempTestSuite1670698438472.run(TempTestSuite1670698438472.groovy:36)


2022-12-11 00:24:11 - [TEST_STEP][PASSED] - rnd = new java.util.Random(): null

2022-12-11 00:24:11 - [TEST_STEP][PASSED] - response = sendRequest(findTestObject("CREATE Booking", ["randomNumber":rnd.nextInt()])): Send request successfully

2022-12-11 00:24:12 - [MESSAGE][INFO] - HAR: C:\Users\Ganesh\Katalon Studio\BMC_Software_API Assignment\Reports\20221211_002358\BMC_API_Assignment - All Test Cases\20221211_002358\requests\main\3.har

2022-12-11 00:24:12 - [MESSAGE][PASSED] - Send request successfully

2022-12-11 00:24:12 - [TEST_STEP][PASSED] - slurper = new groovy.json.JsonSlurper(): null

2022-12-11 00:24:12 - [TEST_STEP][PASSED] - result = slurper.parseText(response.getResponseBodyContent()): null

2022-12-11 00:24:12 - [TEST_STEP][PASSED] - bookingId = bookingid: null

2022-12-11 00:24:12 - [TEST_STEP][PASSED] - firstName = firstname: null

2022-12-11 00:24:12 - [TEST_STEP][PASSED] - verifyResponseStatusCode(response, 200): Verify response status code successfully

2022-12-11 00:24:12 - [MESSAGE][PASSED] - Verify response status code successfully

2022-12-11 00:24:12 - [TEST_STEP][PASSED] - response1 = sendRequest(findTestObject("GET Booking By Id")): Send request successfully

2022-12-11 00:24:13 - [MESSAGE][INFO] - HAR: C:\Users\Ganesh\Katalon Studio\BMC_Software_API Assignment\Reports\20221211_002358\BMC_API_Assignment - All Test Cases\20221211_002358\requests\main\4.har

2022-12-11 00:24:13 - [MESSAGE][PASSED] - Send request successfully

2022-12-11 00:24:13 - [TEST_STEP][PASSED] - result1 = slurper.parseText(response1.getResponseBodyContent()): null

2022-12-11 00:24:13 - [TEST_STEP][PASSED] - firstNameExpected = firstname: null

2022-12-11 00:24:13 - [TEST_STEP][PASSED] - verifyResponseStatusCode(response1, successCode): Verify response status code successfully

2022-12-11 00:24:13 - [MESSAGE][PASSED] - Verify response status code successfully

2022-12-11 00:24:13 - [TEST_STEP][FAILED] - verifyEqual(firstNameExpected, firstName): Unable to verify equal between actual object 'Auto_-1595806342' and expected object 'null' (Root cause: com.kms.katalon.core.exception.StepFailedException: Actual object 'Auto_-1595806342' and expected object 'null' are not equal
	at com.kms.katalon.core.keyword.builtin.VerifyEqualKeyword$_verifyEqual_closure1.doCall(VerifyEqualKeyword.groovy:58)
	at com.kms.katalon.core.keyword.builtin.VerifyEqualKeyword$_verifyEqual_closure1.call(VerifyEqualKeyword.groovy)
	at com.kms.katalon.core.keyword.internal.KeywordMain.runKeyword(KeywordMain.groovy:74)
	at com.kms.katalon.core.keyword.builtin.VerifyEqualKeyword.verifyEqual(VerifyEqualKeyword.groovy:63)
	at com.kms.katalon.core.keyword.builtin.VerifyEqualKeyword.execute(VerifyEqualKeyword.groovy:44)
	at com.kms.katalon.core.keyword.internal.KeywordExecutor.executeKeywordForPlatform(KeywordExecutor.groovy:74)
	at com.kms.katalon.core.keyword.BuiltinKeywords.verifyEqual(BuiltinKeywords.groovy:141)
	at 3. CREATE Booking.run(3. CREATE Booking:42)
	at com.kms.katalon.core.main.ScriptEngine.run(ScriptEngine.java:194)
	at com.kms.katalon.core.main.ScriptEngine.runScriptAsRawText(ScriptEngine.java:119)
	at com.kms.katalon.core.main.TestCaseExecutor.runScript(TestCaseExecutor.java:448)
	at com.kms.katalon.core.main.TestCaseExecutor.doExecute(TestCaseExecutor.java:439)
	at com.kms.katalon.core.main.TestCaseExecutor.processExecutionPhase(TestCaseExecutor.java:418)
	at com.kms.katalon.core.main.TestCaseExecutor.accessMainPhase(TestCaseExecutor.java:410)
	at com.kms.katalon.core.main.TestCaseExecutor.execute(TestCaseExecutor.java:285)
	at com.kms.katalon.core.common.CommonExecutor.accessTestCaseMainPhase(CommonExecutor.java:65)
	at com.kms.katalon.core.main.TestSuiteExecutor.accessTestSuiteMainPhase(TestSuiteExecutor.java:151)
	at com.kms.katalon.core.main.TestSuiteExecutor.execute(TestSuiteExecutor.java:106)
	at com.kms.katalon.core.main.TestCaseMain.startTestSuite(TestCaseMain.java:185)
	at com.kms.katalon.core.main.TestCaseMain$startTestSuite$0.call(Unknown Source)
	at TempTestSuite1670698438472.run(TempTestSuite1670698438472.groovy:36)
)

2022-12-11 00:24:13 - [MESSAGE][FAILED] - Unable to verify equal between actual object 'Auto_-1595806342' and expected object 'null' (Root cause: com.kms.katalon.core.exception.StepFailedException: Actual object 'Auto_-1595806342' and expected object 'null' are not equal
	at com.kms.katalon.core.keyword.builtin.VerifyEqualKeyword$_verifyEqual_closure1.doCall(VerifyEqualKeyword.groovy:58)
	at com.kms.katalon.core.keyword.builtin.VerifyEqualKeyword$_verifyEqual_closure1.call(VerifyEqualKeyword.groovy)
	at com.kms.katalon.core.keyword.internal.KeywordMain.runKeyword(KeywordMain.groovy:74)
	at com.kms.katalon.core.keyword.builtin.VerifyEqualKeyword.verifyEqual(VerifyEqualKeyword.groovy:63)
	at com.kms.katalon.core.keyword.builtin.VerifyEqualKeyword.execute(VerifyEqualKeyword.groovy:44)
	at com.kms.katalon.core.keyword.internal.KeywordExecutor.executeKeywordForPlatform(KeywordExecutor.groovy:74)
	at com.kms.katalon.core.keyword.BuiltinKeywords.verifyEqual(BuiltinKeywords.groovy:141)
	at 3. CREATE Booking.run(3. CREATE Booking:42)
	at com.kms.katalon.core.main.ScriptEngine.run(ScriptEngine.java:194)
	at com.kms.katalon.core.main.ScriptEngine.runScriptAsRawText(ScriptEngine.java:119)
	at com.kms.katalon.core.main.TestCaseExecutor.runScript(TestCaseExecutor.java:448)
	at com.kms.katalon.core.main.TestCaseExecutor.doExecute(TestCaseExecutor.java:439)
	at com.kms.katalon.core.main.TestCaseExecutor.processExecutionPhase(TestCaseExecutor.java:418)
	at com.kms.katalon.core.main.TestCaseExecutor.accessMainPhase(TestCaseExecutor.java:410)
	at com.kms.katalon.core.main.TestCaseExecutor.execute(TestCaseExecutor.java:285)
	at com.kms.katalon.core.common.CommonExecutor.accessTestCaseMainPhase(CommonExecutor.java:65)
	at com.kms.katalon.core.main.TestSuiteExecutor.accessTestSuiteMainPhase(TestSuiteExecutor.java:151)
	at com.kms.katalon.core.main.TestSuiteExecutor.execute(TestSuiteExecutor.java:106)
	at com.kms.katalon.core.main.TestCaseMain.startTestSuite(TestCaseMain.java:185)
	at com.kms.katalon.core.main.TestCaseMain$startTestSuite$0.call(Unknown Source)
	at TempTestSuite1670698438472.run(TempTestSuite1670698438472.groovy:36)
)]]></system-out>
         <system-err><![CDATA[2022-12-11 00:24:10 - [TEST_CASE][FAILED] - Test Cases/3. CREATE Booking: Test Cases/3. CREATE Booking FAILED.
Reason:
com.kms.katalon.core.exception.StepFailedException: Actual object 'Auto_-1595806342' and expected object 'null' are not equal
	at com.kms.katalon.core.keyword.builtin.VerifyEqualKeyword$_verifyEqual_closure1.doCall(VerifyEqualKeyword.groovy:58)
	at com.kms.katalon.core.keyword.builtin.VerifyEqualKeyword$_verifyEqual_closure1.call(VerifyEqualKeyword.groovy)
	at com.kms.katalon.core.keyword.internal.KeywordMain.runKeyword(KeywordMain.groovy:74)
	at com.kms.katalon.core.keyword.builtin.VerifyEqualKeyword.verifyEqual(VerifyEqualKeyword.groovy:63)
	at com.kms.katalon.core.keyword.builtin.VerifyEqualKeyword.execute(VerifyEqualKeyword.groovy:44)
	at com.kms.katalon.core.keyword.internal.KeywordExecutor.executeKeywordForPlatform(KeywordExecutor.groovy:74)
	at com.kms.katalon.core.keyword.BuiltinKeywords.verifyEqual(BuiltinKeywords.groovy:141)
	at 3. CREATE Booking.run(3. CREATE Booking:42)
	at com.kms.katalon.core.main.ScriptEngine.run(ScriptEngine.java:194)
	at com.kms.katalon.core.main.ScriptEngine.runScriptAsRawText(ScriptEngine.java:119)
	at com.kms.katalon.core.main.TestCaseExecutor.runScript(TestCaseExecutor.java:448)
	at com.kms.katalon.core.main.TestCaseExecutor.doExecute(TestCaseExecutor.java:439)
	at com.kms.katalon.core.main.TestCaseExecutor.processExecutionPhase(TestCaseExecutor.java:418)
	at com.kms.katalon.core.main.TestCaseExecutor.accessMainPhase(TestCaseExecutor.java:410)
	at com.kms.katalon.core.main.TestCaseExecutor.execute(TestCaseExecutor.java:285)
	at com.kms.katalon.core.common.CommonExecutor.accessTestCaseMainPhase(CommonExecutor.java:65)
	at com.kms.katalon.core.main.TestSuiteExecutor.accessTestSuiteMainPhase(TestSuiteExecutor.java:151)
	at com.kms.katalon.core.main.TestSuiteExecutor.execute(TestSuiteExecutor.java:106)
	at com.kms.katalon.core.main.TestCaseMain.startTestSuite(TestCaseMain.java:185)
	at com.kms.katalon.core.main.TestCaseMain$startTestSuite$0.call(Unknown Source)
	at TempTestSuite1670698438472.run(TempTestSuite1670698438472.groovy:36)]]></system-err>
      </testcase>
      <testcase name="Test Cases/4. UPDATE Booking" time="2.733" classname="Test Cases/4. UPDATE Booking" status="PASSED">
         <system-out><![CDATA[2022-12-11 00:24:13 - [TEST_CASE][PASSED] - Test Cases/4. UPDATE Booking: Test Cases/4. UPDATE Booking

2022-12-11 00:24:13 - [TEST_STEP][PASSED] - rnd = new java.util.Random(): null

2022-12-11 00:24:13 - [TEST_STEP][PASSED] - response = sendRequest(findTestObject("UPDATE Booking", ["randomNumber":rnd.nextInt()])): Send request successfully

2022-12-11 00:24:14 - [MESSAGE][INFO] - HAR: C:\Users\Ganesh\Katalon Studio\BMC_Software_API Assignment\Reports\20221211_002358\BMC_API_Assignment - All Test Cases\20221211_002358\requests\main\5.har

2022-12-11 00:24:14 - [MESSAGE][PASSED] - Send request successfully

2022-12-11 00:24:14 - [TEST_STEP][PASSED] - slurper = new groovy.json.JsonSlurper(): null

2022-12-11 00:24:14 - [TEST_STEP][PASSED] - result = slurper.parseText(response.getResponseBodyContent()): null

2022-12-11 00:24:14 - [TEST_STEP][PASSED] - firstNameUpdated = firstname: null

2022-12-11 00:24:14 - [TEST_STEP][PASSED] - verifyResponseStatusCode(response, successCode): Verify response status code successfully

2022-12-11 00:24:14 - [MESSAGE][PASSED] - Verify response status code successfully

2022-12-11 00:24:14 - [TEST_STEP][PASSED] - response1 = sendRequest(findTestObject("GET Booking By Id")): Send request successfully

2022-12-11 00:24:16 - [MESSAGE][INFO] - HAR: C:\Users\Ganesh\Katalon Studio\BMC_Software_API Assignment\Reports\20221211_002358\BMC_API_Assignment - All Test Cases\20221211_002358\requests\main\6.har

2022-12-11 00:24:16 - [MESSAGE][PASSED] - Send request successfully

2022-12-11 00:24:16 - [TEST_STEP][PASSED] - result1 = slurper.parseText(response1.getResponseBodyContent()): null

2022-12-11 00:24:16 - [TEST_STEP][PASSED] - firstName = firstname: null

2022-12-11 00:24:16 - [TEST_STEP][PASSED] - verifyResponseStatusCode(response1, successCode): Verify response status code successfully

2022-12-11 00:24:16 - [MESSAGE][PASSED] - Verify response status code successfully

2022-12-11 00:24:16 - [TEST_STEP][PASSED] - verifyEqual(firstNameUpdated, firstName): Actual object 'Auto_-300693782' and expected object 'Auto_-300693782' are equal

2022-12-11 00:24:16 - [MESSAGE][PASSED] - Actual object 'Auto_-300693782' and expected object 'Auto_-300693782' are equal]]></system-out>
         <system-err><![CDATA[]]></system-err>
      </testcase>
      <testcase name="Test Cases/5. DELETE Booking" time="3.742" classname="Test Cases/5. DELETE Booking" status="PASSED">
         <system-out><![CDATA[2022-12-11 00:24:16 - [TEST_CASE][PASSED] - Test Cases/5. DELETE Booking: Test Cases/5. DELETE Booking

2022-12-11 00:24:16 - [TEST_STEP][PASSED] - response = sendRequest(findTestObject("CREATE Booking")): Send request successfully

2022-12-11 00:24:17 - [MESSAGE][INFO] - HAR: C:\Users\Ganesh\Katalon Studio\BMC_Software_API Assignment\Reports\20221211_002358\BMC_API_Assignment - All Test Cases\20221211_002358\requests\main\7.har

2022-12-11 00:24:17 - [MESSAGE][PASSED] - Send request successfully

2022-12-11 00:24:17 - [TEST_STEP][PASSED] - slurper = new groovy.json.JsonSlurper(): null

2022-12-11 00:24:17 - [TEST_STEP][PASSED] - result = slurper.parseText(response.getResponseText()): null

2022-12-11 00:24:17 - [TEST_STEP][PASSED] - verifyResponseStatusCode(response, successCode): Verify response status code successfully

2022-12-11 00:24:17 - [MESSAGE][PASSED] - Verify response status code successfully

2022-12-11 00:24:17 - [TEST_STEP][PASSED] - response1 = sendRequest(findTestObject("DELETE Booking")): Send request successfully

2022-12-11 00:24:18 - [MESSAGE][INFO] - HAR: C:\Users\Ganesh\Katalon Studio\BMC_Software_API Assignment\Reports\20221211_002358\BMC_API_Assignment - All Test Cases\20221211_002358\requests\main\8.har

2022-12-11 00:24:18 - [MESSAGE][PASSED] - Send request successfully

2022-12-11 00:24:18 - [TEST_STEP][PASSED] - verifyResponseStatusCode(response1, 201): Verify response status code successfully

2022-12-11 00:24:18 - [MESSAGE][PASSED] - Verify response status code successfully

2022-12-11 00:24:18 - [TEST_STEP][PASSED] - response2 = sendRequest(findTestObject("GET Booking By Id")): Send request successfully

2022-12-11 00:24:19 - [MESSAGE][INFO] - HAR: C:\Users\Ganesh\Katalon Studio\BMC_Software_API Assignment\Reports\20221211_002358\BMC_API_Assignment - All Test Cases\20221211_002358\requests\main\9.har

2022-12-11 00:24:19 - [MESSAGE][PASSED] - Send request successfully

2022-12-11 00:24:19 - [TEST_STEP][PASSED] - verifyResponseStatusCode(response2, 404): Verify response status code successfully

2022-12-11 00:24:19 - [MESSAGE][PASSED] - Verify response status code successfully]]></system-out>
         <system-err><![CDATA[]]></system-err>
      </testcase>
      <system-out><![CDATA[2022-12-11 00:24:01 - [TEST_SUITE][FAILED] - BMC_API_Assignment - All Test Cases: Test Cases/3. CREATE Booking FAILED.
Reason:
com.kms.katalon.core.exception.StepFailedException: Actual object 'Auto_-1595806342' and expected object 'null' are not equal
	at com.kms.katalon.core.keyword.builtin.VerifyEqualKeyword$_verifyEqual_closure1.doCall(VerifyEqualKeyword.groovy:58)
	at com.kms.katalon.core.keyword.builtin.VerifyEqualKeyword$_verifyEqual_closure1.call(VerifyEqualKeyword.groovy)
	at com.kms.katalon.core.keyword.internal.KeywordMain.runKeyword(KeywordMain.groovy:74)
	at com.kms.katalon.core.keyword.builtin.VerifyEqualKeyword.verifyEqual(VerifyEqualKeyword.groovy:63)
	at com.kms.katalon.core.keyword.builtin.VerifyEqualKeyword.execute(VerifyEqualKeyword.groovy:44)
	at com.kms.katalon.core.keyword.internal.KeywordExecutor.executeKeywordForPlatform(KeywordExecutor.groovy:74)
	at com.kms.katalon.core.keyword.BuiltinKeywords.verifyEqual(BuiltinKeywords.groovy:141)
	at 3. CREATE Booking.run(3. CREATE Booking:42)
	at com.kms.katalon.core.main.ScriptEngine.run(ScriptEngine.java:194)
	at com.kms.katalon.core.main.ScriptEngine.runScriptAsRawText(ScriptEngine.java:119)
	at com.kms.katalon.core.main.TestCaseExecutor.runScript(TestCaseExecutor.java:448)
	at com.kms.katalon.core.main.TestCaseExecutor.doExecute(TestCaseExecutor.java:439)
	at com.kms.katalon.core.main.TestCaseExecutor.processExecutionPhase(TestCaseExecutor.java:418)
	at com.kms.katalon.core.main.TestCaseExecutor.accessMainPhase(TestCaseExecutor.java:410)
	at com.kms.katalon.core.main.TestCaseExecutor.execute(TestCaseExecutor.java:285)
	at com.kms.katalon.core.common.CommonExecutor.accessTestCaseMainPhase(CommonExecutor.java:65)
	at com.kms.katalon.core.main.TestSuiteExecutor.accessTestSuiteMainPhase(TestSuiteExecutor.java:151)
	at com.kms.katalon.core.main.TestSuiteExecutor.execute(TestSuiteExecutor.java:106)
	at com.kms.katalon.core.main.TestCaseMain.startTestSuite(TestCaseMain.java:185)
	at com.kms.katalon.core.main.TestCaseMain$startTestSuite$0.call(Unknown Source)
	at TempTestSuite1670698438472.run(TempTestSuite1670698438472.groovy:36)]]></system-out>
      <system-err><![CDATA[2022-12-11 00:24:01 - [TEST_SUITE][FAILED] - BMC_API_Assignment - All Test Cases: Test Cases/3. CREATE Booking FAILED.
Reason:
com.kms.katalon.core.exception.StepFailedException: Actual object 'Auto_-1595806342' and expected object 'null' are not equal
	at com.kms.katalon.core.keyword.builtin.VerifyEqualKeyword$_verifyEqual_closure1.doCall(VerifyEqualKeyword.groovy:58)
	at com.kms.katalon.core.keyword.builtin.VerifyEqualKeyword$_verifyEqual_closure1.call(VerifyEqualKeyword.groovy)
	at com.kms.katalon.core.keyword.internal.KeywordMain.runKeyword(KeywordMain.groovy:74)
	at com.kms.katalon.core.keyword.builtin.VerifyEqualKeyword.verifyEqual(VerifyEqualKeyword.groovy:63)
	at com.kms.katalon.core.keyword.builtin.VerifyEqualKeyword.execute(VerifyEqualKeyword.groovy:44)
	at com.kms.katalon.core.keyword.internal.KeywordExecutor.executeKeywordForPlatform(KeywordExecutor.groovy:74)
	at com.kms.katalon.core.keyword.BuiltinKeywords.verifyEqual(BuiltinKeywords.groovy:141)
	at 3. CREATE Booking.run(3. CREATE Booking:42)
	at com.kms.katalon.core.main.ScriptEngine.run(ScriptEngine.java:194)
	at com.kms.katalon.core.main.ScriptEngine.runScriptAsRawText(ScriptEngine.java:119)
	at com.kms.katalon.core.main.TestCaseExecutor.runScript(TestCaseExecutor.java:448)
	at com.kms.katalon.core.main.TestCaseExecutor.doExecute(TestCaseExecutor.java:439)
	at com.kms.katalon.core.main.TestCaseExecutor.processExecutionPhase(TestCaseExecutor.java:418)
	at com.kms.katalon.core.main.TestCaseExecutor.accessMainPhase(TestCaseExecutor.java:410)
	at com.kms.katalon.core.main.TestCaseExecutor.execute(TestCaseExecutor.java:285)
	at com.kms.katalon.core.common.CommonExecutor.accessTestCaseMainPhase(CommonExecutor.java:65)
	at com.kms.katalon.core.main.TestSuiteExecutor.accessTestSuiteMainPhase(TestSuiteExecutor.java:151)
	at com.kms.katalon.core.main.TestSuiteExecutor.execute(TestSuiteExecutor.java:106)
	at com.kms.katalon.core.main.TestCaseMain.startTestSuite(TestCaseMain.java:185)
	at com.kms.katalon.core.main.TestCaseMain$startTestSuite$0.call(Unknown Source)
	at TempTestSuite1670698438472.run(TempTestSuite1670698438472.groovy:36)]]></system-err>
   </testsuite>
</testsuites>
