<?xml version="1.0" encoding="UTF-8"?>
<testsuites name="BMC_API_Assignment - All Test Cases" time="18.822" tests="5" failures="0" errors="1">
   <testsuite name="BMC_API_Assignment - All Test Cases" tests="5" failures="0" errors="1" time="18.822" skipped="0" timestamp="2022-12-11 00:14:24" hostname="Ganesh - DESKTOP-24A4UP9" id="Test Suites/BMC_API_Assignment - All Test Cases">
      <properties>
         <property name="deviceName" value=""/>
         <property name="devicePlatform" value=""/>
         <property name="logFolder" value="C:\\Users\\Ganesh\\Katalon Studio\\BMC_Software_API Assignment\\Reports\\20221211_001420\\BMC_API_Assignment - All Test Cases\\20221211_001421"/>
         <property name="logFiles" value="C:\\Users\\Ganesh\\Katalon Studio\\BMC_Software_API Assignment\\Reports\\20221211_001420\\BMC_API_Assignment - All Test Cases\\20221211_001421\\execution0.log"/>
         <property name="attachments" value=""/>
         <property name="hostName" value="Ganesh - DESKTOP-24A4UP9"/>
         <property name="hostAddress" value="192.168.1.11"/>
         <property name="os" value="Windows 10 64bit"/>
         <property name="katalonVersion" value="8.5.1.208"/>
      </properties>
      <testcase name="Test Cases/1. GET Bookings" time="5.136" classname="Test Cases/1. GET Bookings" status="ERROR">
         <error type="ERROR" message="Test Cases/1. GET Bookings FAILED.
Reason:
groovy.lang.MissingPropertyException: No such property: bookingIdCreated for class: internal.GlobalVariable
	at 1. GET Bookings.run(1. GET Bookings:26)
	at com.kms.katalon.core.main.ScriptEngine.run(ScriptEngine.java:194)
	at com.kms.katalon.core.main.ScriptEngine.runScriptAsRawText(ScriptEngine.java:119)
	at com.kms.katalon.core.main.TestCaseExecutor.runScript(TestCaseExecutor.java:448)
	at com.kms.katalon.core.main.TestCaseExecutor.doExecute(TestCaseExecutor.java:439)
	at com.kms.katalon.core.main.TestCaseExecutor.processExecutionPhase(TestCaseExecutor.java:418)
	at com.kms.katalon.core.main.TestCaseExecutor.accessMainPhase(TestCaseExecutor.java:410)
	at com.kms.katalon.core.main.TestCaseExecutor.execute(TestCaseExecutor.java:285)
	at com.kms.katalon.core.common.CommonExecutor.accessTestCaseMainPhase(CommonExecutor.java:65)
	at com.kms.katalon.core.main.TestSuiteExecutor.accessTestSuiteMainPhase(TestSuiteExecutor.java:151)
	at com.kms.katalon.core.main.TestSuiteExecutor.execute(TestSuiteExecutor.java:106)
	at com.kms.katalon.core.main.TestCaseMain.startTestSuite(TestCaseMain.java:185)
	at com.kms.katalon.core.main.TestCaseMain$startTestSuite$0.call(Unknown Source)
	at TempTestSuite1670697861825.run(TempTestSuite1670697861825.groovy:36)
"/>
         <system-out><![CDATA[2022-12-11 00:14:24 - [TEST_CASE][ERROR] - Test Cases/1. GET Bookings: Test Cases/1. GET Bookings FAILED.
Reason:
groovy.lang.MissingPropertyException: No such property: bookingIdCreated for class: internal.GlobalVariable
	at 1. GET Bookings.run(1. GET Bookings:26)
	at com.kms.katalon.core.main.ScriptEngine.run(ScriptEngine.java:194)
	at com.kms.katalon.core.main.ScriptEngine.runScriptAsRawText(ScriptEngine.java:119)
	at com.kms.katalon.core.main.TestCaseExecutor.runScript(TestCaseExecutor.java:448)
	at com.kms.katalon.core.main.TestCaseExecutor.doExecute(TestCaseExecutor.java:439)
	at com.kms.katalon.core.main.TestCaseExecutor.processExecutionPhase(TestCaseExecutor.java:418)
	at com.kms.katalon.core.main.TestCaseExecutor.accessMainPhase(TestCaseExecutor.java:410)
	at com.kms.katalon.core.main.TestCaseExecutor.execute(TestCaseExecutor.java:285)
	at com.kms.katalon.core.common.CommonExecutor.accessTestCaseMainPhase(CommonExecutor.java:65)
	at com.kms.katalon.core.main.TestSuiteExecutor.accessTestSuiteMainPhase(TestSuiteExecutor.java:151)
	at com.kms.katalon.core.main.TestSuiteExecutor.execute(TestSuiteExecutor.java:106)
	at com.kms.katalon.core.main.TestCaseMain.startTestSuite(TestCaseMain.java:185)
	at com.kms.katalon.core.main.TestCaseMain$startTestSuite$0.call(Unknown Source)
	at TempTestSuite1670697861825.run(TempTestSuite1670697861825.groovy:36)


2022-12-11 00:14:25 - [TEST_STEP][PASSED] - response = sendRequest(findTestObject("GET Bookings")): Send request successfully

2022-12-11 00:14:29 - [MESSAGE][INFO] - HAR: C:\Users\Ganesh\Katalon Studio\BMC_Software_API Assignment\Reports\20221211_001420\BMC_API_Assignment - All Test Cases\20221211_001421\requests\main\0.har

2022-12-11 00:14:29 - [MESSAGE][PASSED] - Send request successfully

2022-12-11 00:14:29 - [TEST_STEP][PASSED] - slurper = new groovy.json.JsonSlurper(): null

2022-12-11 00:14:29 - [TEST_STEP][PASSED] - result = slurper.parseText(response.getResponseBodyContent()): null

2022-12-11 00:14:29 - [TEST_STEP][ERROR] - bookingIdCreated = bookingId: Test Cases/1. GET Bookings FAILED.
Reason:
groovy.lang.MissingPropertyException: No such property: bookingIdCreated for class: internal.GlobalVariable
	at 1. GET Bookings.run(1. GET Bookings:26)
	at com.kms.katalon.core.main.ScriptEngine.run(ScriptEngine.java:194)
	at com.kms.katalon.core.main.ScriptEngine.runScriptAsRawText(ScriptEngine.java:119)
	at com.kms.katalon.core.main.TestCaseExecutor.runScript(TestCaseExecutor.java:448)
	at com.kms.katalon.core.main.TestCaseExecutor.doExecute(TestCaseExecutor.java:439)
	at com.kms.katalon.core.main.TestCaseExecutor.processExecutionPhase(TestCaseExecutor.java:418)
	at com.kms.katalon.core.main.TestCaseExecutor.accessMainPhase(TestCaseExecutor.java:410)
	at com.kms.katalon.core.main.TestCaseExecutor.execute(TestCaseExecutor.java:285)
	at com.kms.katalon.core.common.CommonExecutor.accessTestCaseMainPhase(CommonExecutor.java:65)
	at com.kms.katalon.core.main.TestSuiteExecutor.accessTestSuiteMainPhase(TestSuiteExecutor.java:151)
	at com.kms.katalon.core.main.TestSuiteExecutor.execute(TestSuiteExecutor.java:106)
	at com.kms.katalon.core.main.TestCaseMain.startTestSuite(TestCaseMain.java:185)
	at com.kms.katalon.core.main.TestCaseMain$startTestSuite$0.call(Unknown Source)
	at TempTestSuite1670697861825.run(TempTestSuite1670697861825.groovy:36)


2022-12-11 00:14:29 - [MESSAGE][ERROR] - Test Cases/1. GET Bookings FAILED.
Reason:
groovy.lang.MissingPropertyException: No such property: bookingIdCreated for class: internal.GlobalVariable
	at 1. GET Bookings.run(1. GET Bookings:26)
	at com.kms.katalon.core.main.ScriptEngine.run(ScriptEngine.java:194)
	at com.kms.katalon.core.main.ScriptEngine.runScriptAsRawText(ScriptEngine.java:119)
	at com.kms.katalon.core.main.TestCaseExecutor.runScript(TestCaseExecutor.java:448)
	at com.kms.katalon.core.main.TestCaseExecutor.doExecute(TestCaseExecutor.java:439)
	at com.kms.katalon.core.main.TestCaseExecutor.processExecutionPhase(TestCaseExecutor.java:418)
	at com.kms.katalon.core.main.TestCaseExecutor.accessMainPhase(TestCaseExecutor.java:410)
	at com.kms.katalon.core.main.TestCaseExecutor.execute(TestCaseExecutor.java:285)
	at com.kms.katalon.core.common.CommonExecutor.accessTestCaseMainPhase(CommonExecutor.java:65)
	at com.kms.katalon.core.main.TestSuiteExecutor.accessTestSuiteMainPhase(TestSuiteExecutor.java:151)
	at com.kms.katalon.core.main.TestSuiteExecutor.execute(TestSuiteExecutor.java:106)
	at com.kms.katalon.core.main.TestCaseMain.startTestSuite(TestCaseMain.java:185)
	at com.kms.katalon.core.main.TestCaseMain$startTestSuite$0.call(Unknown Source)
	at TempTestSuite1670697861825.run(TempTestSuite1670697861825.groovy:36)]]></system-out>
         <system-err><![CDATA[2022-12-11 00:14:24 - [TEST_CASE][ERROR] - Test Cases/1. GET Bookings: Test Cases/1. GET Bookings FAILED.
Reason:
groovy.lang.MissingPropertyException: No such property: bookingIdCreated for class: internal.GlobalVariable
	at 1. GET Bookings.run(1. GET Bookings:26)
	at com.kms.katalon.core.main.ScriptEngine.run(ScriptEngine.java:194)
	at com.kms.katalon.core.main.ScriptEngine.runScriptAsRawText(ScriptEngine.java:119)
	at com.kms.katalon.core.main.TestCaseExecutor.runScript(TestCaseExecutor.java:448)
	at com.kms.katalon.core.main.TestCaseExecutor.doExecute(TestCaseExecutor.java:439)
	at com.kms.katalon.core.main.TestCaseExecutor.processExecutionPhase(TestCaseExecutor.java:418)
	at com.kms.katalon.core.main.TestCaseExecutor.accessMainPhase(TestCaseExecutor.java:410)
	at com.kms.katalon.core.main.TestCaseExecutor.execute(TestCaseExecutor.java:285)
	at com.kms.katalon.core.common.CommonExecutor.accessTestCaseMainPhase(CommonExecutor.java:65)
	at com.kms.katalon.core.main.TestSuiteExecutor.accessTestSuiteMainPhase(TestSuiteExecutor.java:151)
	at com.kms.katalon.core.main.TestSuiteExecutor.execute(TestSuiteExecutor.java:106)
	at com.kms.katalon.core.main.TestCaseMain.startTestSuite(TestCaseMain.java:185)
	at com.kms.katalon.core.main.TestCaseMain$startTestSuite$0.call(Unknown Source)
	at TempTestSuite1670697861825.run(TempTestSuite1670697861825.groovy:36)]]></system-err>
      </testcase>
      <testcase name="Test Cases/2. GET Booking By Id" time="4.052" classname="Test Cases/2. GET Booking By Id" status="PASSED">
         <system-out><![CDATA[2022-12-11 00:14:29 - [TEST_CASE][PASSED] - Test Cases/2. GET Booking By Id: Test Cases/2. GET Booking By Id

2022-12-11 00:14:30 - [TEST_STEP][PASSED] - response = sendRequest(findTestObject("GET Bookings")): Send request successfully

2022-12-11 00:14:32 - [MESSAGE][INFO] - HAR: C:\Users\Ganesh\Katalon Studio\BMC_Software_API Assignment\Reports\20221211_001420\BMC_API_Assignment - All Test Cases\20221211_001421\requests\main\1.har

2022-12-11 00:14:32 - [MESSAGE][PASSED] - Send request successfully

2022-12-11 00:14:32 - [TEST_STEP][PASSED] - slurper = new groovy.json.JsonSlurper(): null

2022-12-11 00:14:32 - [TEST_STEP][PASSED] - result = slurper.parseText(response.getResponseBodyContent()): null

2022-12-11 00:14:32 - [TEST_STEP][PASSED] - bookingId = bookingid: null

2022-12-11 00:14:32 - [TEST_STEP][PASSED] - verifyResponseStatusCode(response, successCode): Verify response status code successfully

2022-12-11 00:14:32 - [MESSAGE][PASSED] - Verify response status code successfully

2022-12-11 00:14:32 - [TEST_STEP][PASSED] - response1 = sendRequest(findTestObject("GET Booking By Id")): Send request successfully

2022-12-11 00:14:33 - [MESSAGE][INFO] - HAR: C:\Users\Ganesh\Katalon Studio\BMC_Software_API Assignment\Reports\20221211_001420\BMC_API_Assignment - All Test Cases\20221211_001421\requests\main\2.har

2022-12-11 00:14:33 - [MESSAGE][PASSED] - Send request successfully

2022-12-11 00:14:33 - [TEST_STEP][PASSED] - verifyResponseStatusCode(response1, successCode): Verify response status code successfully

2022-12-11 00:14:33 - [MESSAGE][PASSED] - Verify response status code successfully]]></system-out>
         <system-err><![CDATA[]]></system-err>
      </testcase>
      <testcase name="Test Cases/3. CREATE Booking" time="2.562" classname="Test Cases/3. CREATE Booking" status="PASSED">
         <system-out><![CDATA[2022-12-11 00:14:33 - [TEST_CASE][PASSED] - Test Cases/3. CREATE Booking: Test Cases/3. CREATE Booking

2022-12-11 00:14:34 - [TEST_STEP][PASSED] - response = sendRequest(findTestObject("CREATE Booking")): Send request successfully

2022-12-11 00:14:35 - [MESSAGE][INFO] - HAR: C:\Users\Ganesh\Katalon Studio\BMC_Software_API Assignment\Reports\20221211_001420\BMC_API_Assignment - All Test Cases\20221211_001421\requests\main\3.har

2022-12-11 00:14:35 - [MESSAGE][PASSED] - Send request successfully

2022-12-11 00:14:35 - [TEST_STEP][PASSED] - slurper = new groovy.json.JsonSlurper(): null

2022-12-11 00:14:35 - [TEST_STEP][PASSED] - result = slurper.parseText(response.getResponseBodyContent()): null

2022-12-11 00:14:35 - [TEST_STEP][PASSED] - bookingId = bookingid: null

2022-12-11 00:14:35 - [TEST_STEP][PASSED] - verifyResponseStatusCode(response, 200): Verify response status code successfully

2022-12-11 00:14:35 - [MESSAGE][PASSED] - Verify response status code successfully

2022-12-11 00:14:35 - [TEST_STEP][PASSED] - response1 = sendRequest(findTestObject("GET Booking By Id")): Send request successfully

2022-12-11 00:14:36 - [MESSAGE][INFO] - HAR: C:\Users\Ganesh\Katalon Studio\BMC_Software_API Assignment\Reports\20221211_001420\BMC_API_Assignment - All Test Cases\20221211_001421\requests\main\4.har

2022-12-11 00:14:36 - [MESSAGE][PASSED] - Send request successfully

2022-12-11 00:14:36 - [TEST_STEP][PASSED] - verifyResponseStatusCode(response1, successCode): Verify response status code successfully

2022-12-11 00:14:36 - [MESSAGE][PASSED] - Verify response status code successfully]]></system-out>
         <system-err><![CDATA[]]></system-err>
      </testcase>
      <testcase name="Test Cases/4. UPDATE Booking" time="2.73" classname="Test Cases/4. UPDATE Booking" status="PASSED">
         <system-out><![CDATA[2022-12-11 00:14:36 - [TEST_CASE][PASSED] - Test Cases/4. UPDATE Booking: Test Cases/4. UPDATE Booking

2022-12-11 00:14:36 - [TEST_STEP][PASSED] - rnd = new java.util.Random(): null

2022-12-11 00:14:36 - [TEST_STEP][PASSED] - response = sendRequest(findTestObject("UPDATE Booking", ["randomNumber":rnd.nextInt()])): Send request successfully

2022-12-11 00:14:38 - [MESSAGE][INFO] - HAR: C:\Users\Ganesh\Katalon Studio\BMC_Software_API Assignment\Reports\20221211_001420\BMC_API_Assignment - All Test Cases\20221211_001421\requests\main\5.har

2022-12-11 00:14:38 - [MESSAGE][PASSED] - Send request successfully

2022-12-11 00:14:38 - [TEST_STEP][PASSED] - slurper = new groovy.json.JsonSlurper(): null

2022-12-11 00:14:38 - [TEST_STEP][PASSED] - result = slurper.parseText(response.getResponseBodyContent()): null

2022-12-11 00:14:38 - [TEST_STEP][PASSED] - firstNameUpdated = firstname: null

2022-12-11 00:14:38 - [TEST_STEP][PASSED] - verifyResponseStatusCode(response, successCode): Verify response status code successfully

2022-12-11 00:14:38 - [MESSAGE][PASSED] - Verify response status code successfully

2022-12-11 00:14:38 - [TEST_STEP][PASSED] - response1 = sendRequest(findTestObject("GET Booking By Id")): Send request successfully

2022-12-11 00:14:39 - [MESSAGE][INFO] - HAR: C:\Users\Ganesh\Katalon Studio\BMC_Software_API Assignment\Reports\20221211_001420\BMC_API_Assignment - All Test Cases\20221211_001421\requests\main\6.har

2022-12-11 00:14:39 - [MESSAGE][PASSED] - Send request successfully

2022-12-11 00:14:39 - [TEST_STEP][PASSED] - result1 = slurper.parseText(response1.getResponseBodyContent()): null

2022-12-11 00:14:39 - [TEST_STEP][PASSED] - firstName = firstname: null

2022-12-11 00:14:39 - [TEST_STEP][PASSED] - verifyResponseStatusCode(response1, successCode): Verify response status code successfully

2022-12-11 00:14:39 - [MESSAGE][PASSED] - Verify response status code successfully

2022-12-11 00:14:39 - [TEST_STEP][PASSED] - verifyEqual(firstNameUpdated, firstName): Actual object 'Auto_-169614822' and expected object 'Auto_-169614822' are equal

2022-12-11 00:14:39 - [MESSAGE][PASSED] - Actual object 'Auto_-169614822' and expected object 'Auto_-169614822' are equal]]></system-out>
         <system-err><![CDATA[]]></system-err>
      </testcase>
      <testcase name="Test Cases/5. DELETE Booking" time="4.067" classname="Test Cases/5. DELETE Booking" status="PASSED">
         <system-out><![CDATA[2022-12-11 00:14:39 - [TEST_CASE][PASSED] - Test Cases/5. DELETE Booking: Test Cases/5. DELETE Booking

2022-12-11 00:14:39 - [TEST_STEP][PASSED] - response = sendRequest(findTestObject("CREATE Booking")): Send request successfully

2022-12-11 00:14:40 - [MESSAGE][INFO] - HAR: C:\Users\Ganesh\Katalon Studio\BMC_Software_API Assignment\Reports\20221211_001420\BMC_API_Assignment - All Test Cases\20221211_001421\requests\main\7.har

2022-12-11 00:14:40 - [MESSAGE][PASSED] - Send request successfully

2022-12-11 00:14:40 - [TEST_STEP][PASSED] - slurper = new groovy.json.JsonSlurper(): null

2022-12-11 00:14:40 - [TEST_STEP][PASSED] - result = slurper.parseText(response.getResponseText()): null

2022-12-11 00:14:40 - [TEST_STEP][PASSED] - verifyResponseStatusCode(response, successCode): Verify response status code successfully

2022-12-11 00:14:40 - [MESSAGE][PASSED] - Verify response status code successfully

2022-12-11 00:14:40 - [TEST_STEP][PASSED] - response1 = sendRequest(findTestObject("DELETE Booking")): Send request successfully

2022-12-11 00:14:42 - [MESSAGE][INFO] - HAR: C:\Users\Ganesh\Katalon Studio\BMC_Software_API Assignment\Reports\20221211_001420\BMC_API_Assignment - All Test Cases\20221211_001421\requests\main\8.har

2022-12-11 00:14:42 - [MESSAGE][PASSED] - Send request successfully

2022-12-11 00:14:42 - [TEST_STEP][PASSED] - verifyResponseStatusCode(response1, 201): Verify response status code successfully

2022-12-11 00:14:42 - [MESSAGE][PASSED] - Verify response status code successfully

2022-12-11 00:14:42 - [TEST_STEP][PASSED] - response2 = sendRequest(findTestObject("GET Booking By Id")): Send request successfully

2022-12-11 00:14:43 - [MESSAGE][INFO] - HAR: C:\Users\Ganesh\Katalon Studio\BMC_Software_API Assignment\Reports\20221211_001420\BMC_API_Assignment - All Test Cases\20221211_001421\requests\main\9.har

2022-12-11 00:14:43 - [MESSAGE][PASSED] - Send request successfully

2022-12-11 00:14:43 - [TEST_STEP][PASSED] - verifyResponseStatusCode(response2, 404): Verify response status code successfully

2022-12-11 00:14:43 - [MESSAGE][PASSED] - Verify response status code successfully]]></system-out>
         <system-err><![CDATA[]]></system-err>
      </testcase>
      <system-out><![CDATA[2022-12-11 00:14:24 - [TEST_SUITE][ERROR] - BMC_API_Assignment - All Test Cases: Test Cases/1. GET Bookings FAILED.
Reason:
groovy.lang.MissingPropertyException: No such property: bookingIdCreated for class: internal.GlobalVariable
	at 1. GET Bookings.run(1. GET Bookings:26)
	at com.kms.katalon.core.main.ScriptEngine.run(ScriptEngine.java:194)
	at com.kms.katalon.core.main.ScriptEngine.runScriptAsRawText(ScriptEngine.java:119)
	at com.kms.katalon.core.main.TestCaseExecutor.runScript(TestCaseExecutor.java:448)
	at com.kms.katalon.core.main.TestCaseExecutor.doExecute(TestCaseExecutor.java:439)
	at com.kms.katalon.core.main.TestCaseExecutor.processExecutionPhase(TestCaseExecutor.java:418)
	at com.kms.katalon.core.main.TestCaseExecutor.accessMainPhase(TestCaseExecutor.java:410)
	at com.kms.katalon.core.main.TestCaseExecutor.execute(TestCaseExecutor.java:285)
	at com.kms.katalon.core.common.CommonExecutor.accessTestCaseMainPhase(CommonExecutor.java:65)
	at com.kms.katalon.core.main.TestSuiteExecutor.accessTestSuiteMainPhase(TestSuiteExecutor.java:151)
	at com.kms.katalon.core.main.TestSuiteExecutor.execute(TestSuiteExecutor.java:106)
	at com.kms.katalon.core.main.TestCaseMain.startTestSuite(TestCaseMain.java:185)
	at com.kms.katalon.core.main.TestCaseMain$startTestSuite$0.call(Unknown Source)
	at TempTestSuite1670697861825.run(TempTestSuite1670697861825.groovy:36)]]></system-out>
      <system-err><![CDATA[2022-12-11 00:14:24 - [TEST_SUITE][ERROR] - BMC_API_Assignment - All Test Cases: Test Cases/1. GET Bookings FAILED.
Reason:
groovy.lang.MissingPropertyException: No such property: bookingIdCreated for class: internal.GlobalVariable
	at 1. GET Bookings.run(1. GET Bookings:26)
	at com.kms.katalon.core.main.ScriptEngine.run(ScriptEngine.java:194)
	at com.kms.katalon.core.main.ScriptEngine.runScriptAsRawText(ScriptEngine.java:119)
	at com.kms.katalon.core.main.TestCaseExecutor.runScript(TestCaseExecutor.java:448)
	at com.kms.katalon.core.main.TestCaseExecutor.doExecute(TestCaseExecutor.java:439)
	at com.kms.katalon.core.main.TestCaseExecutor.processExecutionPhase(TestCaseExecutor.java:418)
	at com.kms.katalon.core.main.TestCaseExecutor.accessMainPhase(TestCaseExecutor.java:410)
	at com.kms.katalon.core.main.TestCaseExecutor.execute(TestCaseExecutor.java:285)
	at com.kms.katalon.core.common.CommonExecutor.accessTestCaseMainPhase(CommonExecutor.java:65)
	at com.kms.katalon.core.main.TestSuiteExecutor.accessTestSuiteMainPhase(TestSuiteExecutor.java:151)
	at com.kms.katalon.core.main.TestSuiteExecutor.execute(TestSuiteExecutor.java:106)
	at com.kms.katalon.core.main.TestCaseMain.startTestSuite(TestCaseMain.java:185)
	at com.kms.katalon.core.main.TestCaseMain$startTestSuite$0.call(Unknown Source)
	at TempTestSuite1670697861825.run(TempTestSuite1670697861825.groovy:36)]]></system-err>
   </testsuite>
</testsuites>
